<?xml version="1.0" encoding="UTF-8"?>
<testsuites name="Request_initiate_Return_Flow" time="187" tests="1" failures="1" errors="0">
   <testsuite name="Request_initiate_Return_Flow" tests="1" failures="1" errors="0" time="187" timestamp="2018-12-06 12:33:39" hostname="Ankita - Comp118.etplember.local" id="Test Suites/Request_initiate_Return_Flow">
      <properties>
         <property name="deviceName" value=""/>
         <property name="devicePlatform" value=""/>
         <property name="logFolder" value="C:\\Users\\ankita\\git\\NSM\\Reports\\Request_initiate_Return_Flow\\20181206_123337"/>
         <property name="logFiles" value="C:\\Users\\ankita\\git\\NSM\\Reports\\Request_initiate_Return_Flow\\20181206_123337\\execution0.log"/>
         <property name="attachments" value=""/>
         <property name="hostName" value="Ankita - Comp118.etplember.local"/>
         <property name="os" value="Windows 8 64bit"/>
         <property name="katalonVersion" value="5.9.1.2"/>
         <property name="browser" value="Chrome 70.0.3538.110"/>
         <property name="hostAddress" value="192.168.50.118"/>
         <property name="sessionId" value="3fd37b766431623d546ffe57b00e1d9b"/>
         <property name="seleniumVersion" value="3.7.1"/>
         <property name="proxyInformation" value="ProxyInformation{proxyOption=NO_PROXY, proxyServerType=HTTP, password=, proxyServerAddress=, proxyServerPort=0}"/>
         <property name="platform" value="Windows 8"/>
      </properties>
      <testcase name="Test Cases/Branch User Maker/Request_Initiate" classname="Test Cases/Branch User Maker/Request_Initiate" status="PASSED">
         <system-out><![CDATA[2018-12-06 12:33:39 - [TEST_CASE][PASSED] - Test Cases/Branch User Maker/Request_Initiate: Test Cases/Branch User Maker/Request_Initiate

2018-12-06 12:33:40 - [TEST_STEP][PASSED] - openBrowser(""): Browser is opened with url: ''

2018-12-06 12:33:40 - [MESSAGE][INFO] - Starting 'Chrome' driver

2018-12-06 12:33:40 - [MESSAGE][INFO] - Action delay is set to 1 seconds

2018-12-06 12:33:45 - [MESSAGE][PASSED] - Browser is opened with url: ''

2018-12-06 12:33:45 - [TEST_STEP][PASSED] - maximizeWindow(): Current window maximized

2018-12-06 12:33:48 - [MESSAGE][PASSED] - Current window maximized

2018-12-06 12:33:48 - [TEST_STEP][PASSED] - navigateToUrl(URL): Navigate to 'http://siachen:8007/NSMvendor' successfully

2018-12-06 12:33:49 - [MESSAGE][PASSED] - Navigate to 'http://siachen:8007/NSMvendor' successfully

2018-12-06 12:33:49 - [TEST_STEP][PASSED] - setText(findTestObject("Object Repository/Request_initiate/Page_Login Page/input_Vendor platform_userid"), BrMakerName): Text 'Harshada' is set on object 'Object Repository/Request_initiate/Page_Login Page/input_Vendor platform_userid'

2018-12-06 12:33:53 - [MESSAGE][PASSED] - Text 'Harshada' is set on object 'Object Repository/Request_initiate/Page_Login Page/input_Vendor platform_userid'

2018-12-06 12:33:53 - [TEST_STEP][PASSED] - setEncryptedText(findTestObject("Object Repository/Request_initiate/Page_Login Page/input_Vendor platform_password"), BrMakerPwd): Text ****** has been set on object 'Object Repository/Request_initiate/Page_Login Page/input_Vendor platform_password'

2018-12-06 12:33:56 - [MESSAGE][PASSED] - Text ****** has been set on object 'Object Repository/Request_initiate/Page_Login Page/input_Vendor platform_password'

2018-12-06 12:33:56 - [TEST_STEP][PASSED] - click(findTestObject("Object Repository/Request_initiate/Page_Login Page/input_Vendor platform_btnlogin")): Object: 'Object Repository/Request_initiate/Page_Login Page/input_Vendor platform_btnlogin' is clicked on

2018-12-06 12:34:01 - [MESSAGE][PASSED] - Object: 'Object Repository/Request_initiate/Page_Login Page/input_Vendor platform_btnlogin' is clicked on

2018-12-06 12:34:01 - [TEST_STEP][PASSED] - AlertPresent = waitForAlert(5): Alert is present after 5 second(s).

2018-12-06 12:34:02 - [MESSAGE][PASSED] - Alert is present after 5 second(s).

2018-12-06 12:34:02 - [TEST_STEP][PASSED] - if (AlertPresent == true): Alert accepted

2018-12-06 12:34:02 - [TEST_STEP][PASSED] - acceptAlert(): Alert accepted

2018-12-06 12:34:04 - [MESSAGE][PASSED] - Alert accepted

2018-12-06 12:34:04 - [TEST_STEP][PASSED] - click(findTestObject("Request_initiate/Page_Bank Dashboard/span_Procurement Request (1)")): Object: 'Object Repository/Request_initiate/Page_Bank Dashboard/span_Procurement Request (1)' is clicked on

2018-12-06 12:34:06 - [MESSAGE][PASSED] - Object: 'Object Repository/Request_initiate/Page_Bank Dashboard/span_Procurement Request (1)' is clicked on

2018-12-06 12:34:06 - [TEST_STEP][PASSED] - click(findTestObject("Request_initiate/Page_Bank Dashboard/a_Initiate")): Object: 'Object Repository/Request_initiate/Page_Bank Dashboard/a_Initiate' is clicked on

2018-12-06 12:34:08 - [MESSAGE][PASSED] - Object: 'Object Repository/Request_initiate/Page_Bank Dashboard/a_Initiate' is clicked on

2018-12-06 12:34:08 - [TEST_STEP][PASSED] - click(findTestObject("Object Repository/Request_initiate/Page_Procurement Request Initiate/button_Save")): Object: 'Object Repository/Request_initiate/Page_Procurement Request Initiate/button_Save' is clicked on

2018-12-06 12:34:11 - [MESSAGE][PASSED] - Object: 'Object Repository/Request_initiate/Page_Procurement Request Initiate/button_Save' is clicked on

2018-12-06 12:34:11 - [TEST_STEP][PASSED] - acceptAlert(): Alert accepted

2018-12-06 12:34:13 - [MESSAGE][PASSED] - Alert accepted

2018-12-06 12:34:13 - [TEST_STEP][PASSED] - selectOptionByValue(findTestObject("Object Repository/Request_initiate/Page_Procurement Request Initiate/select_--Select--product1produ"), "13", true): All options with value '13' are selected in object 'Object Repository/Request_initiate/Page_Procurement Request Initiate/select_--Select--product1produ'  using regular expression

2018-12-06 12:34:31 - [MESSAGE][PASSED] - All options with value '13' are selected in object 'Object Repository/Request_initiate/Page_Procurement Request Initiate/select_--Select--product1produ'  using regular expression

2018-12-06 12:34:31 - [TEST_STEP][PASSED] - setText(findTestObject("Object Repository/Request_initiate/Page_Procurement Request Initiate/input__fromBundleRange"), "50"): Text '50' is set on object 'Object Repository/Request_initiate/Page_Procurement Request Initiate/input__fromBundleRange'

2018-12-06 12:34:35 - [MESSAGE][PASSED] - Text '50' is set on object 'Object Repository/Request_initiate/Page_Procurement Request Initiate/input__fromBundleRange'

2018-12-06 12:34:35 - [TEST_STEP][PASSED] - setText(findTestObject("Object Repository/Request_initiate/Page_Procurement Request Initiate/input__toBundleRange"), "1000"): Text '1000' is set on object 'Object Repository/Request_initiate/Page_Procurement Request Initiate/input__toBundleRange'

2018-12-06 12:34:39 - [MESSAGE][PASSED] - Text '1000' is set on object 'Object Repository/Request_initiate/Page_Procurement Request Initiate/input__toBundleRange'

2018-12-06 12:34:39 - [TEST_STEP][PASSED] - click(findTestObject("Object Repository/Request_initiate/Page_Procurement Request Initiate/i_Attachments_fa fa-paperclip")): Object: 'Object Repository/Request_initiate/Page_Procurement Request Initiate/i_Attachments_fa fa-paperclip' is clicked on

2018-12-06 12:34:41 - [MESSAGE][PASSED] - Object: 'Object Repository/Request_initiate/Page_Procurement Request Initiate/i_Attachments_fa fa-paperclip' is clicked on

2018-12-06 12:34:41 - [TEST_STEP][PASSED] - switchToWindowTitle("Procurement Request Attachments"): Switched to window with title: 'Procurement Request Attachments'

2018-12-06 12:34:48 - [MESSAGE][PASSED] - Switched to window with title: 'Procurement Request Attachments'

2018-12-06 12:34:48 - [TEST_STEP][PASSED] - uploadFile(findTestObject("Object Repository/Request_initiate/attachment/Page_Procurement Request Attachment/input_Choose more files_files0"), "C:\Users\ankita\Desktop\retest\data.txt"): File 'C:\Users\ankita\Desktop\retest\data.txt' sent to object: 'Object Repository/Request_initiate/attachment/Page_Procurement Request Attachment/input_Choose more files_files0'

2018-12-06 12:34:50 - [MESSAGE][PASSED] - File 'C:\Users\ankita\Desktop\retest\data.txt' sent to object: 'Object Repository/Request_initiate/attachment/Page_Procurement Request Attachment/input_Choose more files_files0'

2018-12-06 12:34:50 - [TEST_STEP][PASSED] - click(findTestObject("Object Repository/Request_initiate/Page_Procurement Request Attachment/button_Attach")): Object: 'Object Repository/Request_initiate/Page_Procurement Request Attachment/button_Attach' is clicked on

2018-12-06 12:34:52 - [MESSAGE][PASSED] - Object: 'Object Repository/Request_initiate/Page_Procurement Request Attachment/button_Attach' is clicked on

2018-12-06 12:34:52 - [TEST_STEP][PASSED] - switchToWindowTitle("Procurement Request Initiate"): Switched to window with title: 'Procurement Request Initiate'

2018-12-06 12:34:55 - [MESSAGE][PASSED] - Switched to window with title: 'Procurement Request Initiate'

2018-12-06 12:34:55 - [TEST_STEP][PASSED] - click(findTestObject("Object Repository/Request_initiate/Page_Procurement Request Initiate/button_Save")): Object: 'Object Repository/Request_initiate/Page_Procurement Request Initiate/button_Save' is clicked on

2018-12-06 12:34:58 - [MESSAGE][PASSED] - Object: 'Object Repository/Request_initiate/Page_Procurement Request Initiate/button_Save' is clicked on

2018-12-06 12:34:58 - [TEST_STEP][PASSED] - click(findTestObject("Object Repository/Request_initiate/Page_Procurement Request Initiate/button_Clear")): Object: 'Object Repository/Request_initiate/Page_Procurement Request Initiate/button_Clear' is clicked on

2018-12-06 12:35:00 - [MESSAGE][PASSED] - Object: 'Object Repository/Request_initiate/Page_Procurement Request Initiate/button_Clear' is clicked on

2018-12-06 12:35:00 - [TEST_STEP][PASSED] - click(findTestObject("Object Repository/Logout/Page_Bank Dashboard/span_Harshada")): Object: 'Object Repository/Logout/Page_Bank Dashboard/span_Harshada' is clicked on

2018-12-06 12:35:03 - [MESSAGE][PASSED] - Object: 'Object Repository/Logout/Page_Bank Dashboard/span_Harshada' is clicked on

2018-12-06 12:35:03 - [TEST_STEP][PASSED] - click(findTestObject("Object Repository/Logout/Page_Bank Dashboard/b_Logout")): Object: 'Object Repository/Logout/Page_Bank Dashboard/b_Logout' is clicked on

2018-12-06 12:35:05 - [MESSAGE][PASSED] - Object: 'Object Repository/Logout/Page_Bank Dashboard/b_Logout' is clicked on

2018-12-06 12:35:05 - [TEST_STEP][PASSED] - click(findTestObject("Object Repository/Logout/Page_Logout Page/a_Login")): Object: 'Object Repository/Logout/Page_Logout Page/a_Login' is clicked on

2018-12-06 12:35:07 - [MESSAGE][PASSED] - Object: 'Object Repository/Logout/Page_Logout Page/a_Login' is clicked on]]></system-out>
         <system-err><![CDATA[]]></system-err>
      </testcase>
      <testcase name="Test Cases/Branch User Checker/Request Return" classname="Test Cases/Branch User Checker/Request Return" status="FAILED">
         <failure type="FAILED" message="Test Cases/Branch User Checker/Request Return FAILED.
Reason:
com.kms.katalon.core.exception.StepFailedException: Unable to click on object 'Object Repository/Request_initiate/Page_Search/td_product1' (Root cause: org.openqa.selenium.NoSuchWindowException: no such window: window was already closed
  (Session info: chrome=70.0.3538.110)
  (Driver info: chromedriver=2.43.600210 (68dcf5eebde37173d4027fa8635e332711d2874a),platform=Windows NT 6.2.9200 x86_64) (WARNING: The server did not provide any stacktrace information)
Command duration or timeout: 0 milliseconds
Build info: version: '3.7.1', revision: '8a0099a', time: '2017-11-06T21:07:36.161Z'
System info: host: 'COMP118', ip: '192.168.50.118', os.name: 'Windows 8', os.arch: 'amd64', os.version: '6.2', java.version: '1.8.0_181'
Driver info: com.kms.katalon.selenium.driver.CChromeDriver
Capabilities {acceptInsecureCerts: false, acceptSslCerts: false, applicationCacheEnabled: false, browserConnectionEnabled: false, browserName: chrome, chrome: {chromedriverVersion: 2.43.600210 (68dcf5eebde371..., userDataDir: C:\Users\ankita\AppData\Loc...}, cssSelectorsEnabled: true, databaseEnabled: false, goog:chromeOptions: {debuggerAddress: localhost:52882}, handlesAlerts: true, hasTouchScreen: false, javascriptEnabled: true, locationContextEnabled: true, mobileEmulationEnabled: false, nativeEvents: true, networkConnectionEnabled: false, pageLoadStrategy: normal, platform: XP, platformName: XP, rotatable: false, setWindowRect: true, takesHeapSnapshot: true, takesScreenshot: true, unexpectedAlertBehaviour: , unhandledPromptBehavior: , version: 70.0.3538.110, webStorageEnabled: true}
Session ID: 3fd37b766431623d546ffe57b00e1d9b
*** Element info: {Using=xpath, value=//tr[@id='gridhelprow-1']/td[4]})
	at com.kms.katalon.core.keyword.internal.KeywordMain.stepFailed(KeywordMain.groovy:36)
	at com.kms.katalon.core.webui.keyword.internal.WebUIKeywordMain.stepFailed(WebUIKeywordMain.groovy:65)
	at com.kms.katalon.core.webui.keyword.internal.WebUIKeywordMain.runKeyword(WebUIKeywordMain.groovy:27)
	at com.kms.katalon.core.webui.keyword.builtin.ClickKeyword.click(ClickKeyword.groovy:86)
	at com.kms.katalon.core.webui.keyword.builtin.ClickKeyword.execute(ClickKeyword.groovy:67)
	at com.kms.katalon.core.keyword.internal.KeywordExecutor.executeKeywordForPlatform(KeywordExecutor.groovy:53)
	at com.kms.katalon.core.webui.keyword.WebUiBuiltInKeywords.click(WebUiBuiltInKeywords.groovy:616)
	at com.kms.katalon.core.webui.keyword.WebUiBuiltInKeywords$click$4.call(Unknown Source)
	at Request Return.run(Request Return:92)
	at com.kms.katalon.core.main.ScriptEngine.run(ScriptEngine.java:194)
	at com.kms.katalon.core.main.ScriptEngine.runScriptAsRawText(ScriptEngine.java:119)
	at com.kms.katalon.core.main.TestCaseExecutor.runScript(TestCaseExecutor.java:321)
	at com.kms.katalon.core.main.TestCaseExecutor.doExecute(TestCaseExecutor.java:312)
	at com.kms.katalon.core.main.TestCaseExecutor.processExecutionPhase(TestCaseExecutor.java:291)
	at com.kms.katalon.core.main.TestCaseExecutor.accessMainPhase(TestCaseExecutor.java:283)
	at com.kms.katalon.core.main.TestCaseExecutor.execute(TestCaseExecutor.java:222)
	at com.kms.katalon.core.main.TestSuiteExecutor.accessTestCaseMainPhase(TestSuiteExecutor.java:129)
	at com.kms.katalon.core.main.TestSuiteExecutor.accessTestSuiteMainPhase(TestSuiteExecutor.java:112)
	at com.kms.katalon.core.main.TestSuiteExecutor.execute(TestSuiteExecutor.java:81)
	at com.kms.katalon.core.main.TestCaseMain.startTestSuite(TestCaseMain.java:149)
	at com.kms.katalon.core.main.TestCaseMain$startTestSuite$0.call(Unknown Source)
	at TempTestSuite1544079817536.run(TempTestSuite1544079817536.groovy:36)
"/>
         <system-out><![CDATA[2018-12-06 12:35:07 - [TEST_CASE][FAILED] - Test Cases/Branch User Checker/Request Return: Test Cases/Branch User Checker/Request Return FAILED.
Reason:
com.kms.katalon.core.exception.StepFailedException: Unable to click on object 'Object Repository/Request_initiate/Page_Search/td_product1' (Root cause: org.openqa.selenium.NoSuchWindowException: no such window: window was already closed
  (Session info: chrome=70.0.3538.110)
  (Driver info: chromedriver=2.43.600210 (68dcf5eebde37173d4027fa8635e332711d2874a),platform=Windows NT 6.2.9200 x86_64) (WARNING: The server did not provide any stacktrace information)
Command duration or timeout: 0 milliseconds
Build info: version: '3.7.1', revision: '8a0099a', time: '2017-11-06T21:07:36.161Z'
System info: host: 'COMP118', ip: '192.168.50.118', os.name: 'Windows 8', os.arch: 'amd64', os.version: '6.2', java.version: '1.8.0_181'
Driver info: com.kms.katalon.selenium.driver.CChromeDriver
Capabilities {acceptInsecureCerts: false, acceptSslCerts: false, applicationCacheEnabled: false, browserConnectionEnabled: false, browserName: chrome, chrome: {chromedriverVersion: 2.43.600210 (68dcf5eebde371..., userDataDir: C:\Users\ankita\AppData\Loc...}, cssSelectorsEnabled: true, databaseEnabled: false, goog:chromeOptions: {debuggerAddress: localhost:52882}, handlesAlerts: true, hasTouchScreen: false, javascriptEnabled: true, locationContextEnabled: true, mobileEmulationEnabled: false, nativeEvents: true, networkConnectionEnabled: false, pageLoadStrategy: normal, platform: XP, platformName: XP, rotatable: false, setWindowRect: true, takesHeapSnapshot: true, takesScreenshot: true, unexpectedAlertBehaviour: , unhandledPromptBehavior: , version: 70.0.3538.110, webStorageEnabled: true}
Session ID: 3fd37b766431623d546ffe57b00e1d9b
*** Element info: {Using=xpath, value=//tr[@id='gridhelprow-1']/td[4]})
	at com.kms.katalon.core.keyword.internal.KeywordMain.stepFailed(KeywordMain.groovy:36)
	at com.kms.katalon.core.webui.keyword.internal.WebUIKeywordMain.stepFailed(WebUIKeywordMain.groovy:65)
	at com.kms.katalon.core.webui.keyword.internal.WebUIKeywordMain.runKeyword(WebUIKeywordMain.groovy:27)
	at com.kms.katalon.core.webui.keyword.builtin.ClickKeyword.click(ClickKeyword.groovy:86)
	at com.kms.katalon.core.webui.keyword.builtin.ClickKeyword.execute(ClickKeyword.groovy:67)
	at com.kms.katalon.core.keyword.internal.KeywordExecutor.executeKeywordForPlatform(KeywordExecutor.groovy:53)
	at com.kms.katalon.core.webui.keyword.WebUiBuiltInKeywords.click(WebUiBuiltInKeywords.groovy:616)
	at com.kms.katalon.core.webui.keyword.WebUiBuiltInKeywords$click$4.call(Unknown Source)
	at Request Return.run(Request Return:92)
	at com.kms.katalon.core.main.ScriptEngine.run(ScriptEngine.java:194)
	at com.kms.katalon.core.main.ScriptEngine.runScriptAsRawText(ScriptEngine.java:119)
	at com.kms.katalon.core.main.TestCaseExecutor.runScript(TestCaseExecutor.java:321)
	at com.kms.katalon.core.main.TestCaseExecutor.doExecute(TestCaseExecutor.java:312)
	at com.kms.katalon.core.main.TestCaseExecutor.processExecutionPhase(TestCaseExecutor.java:291)
	at com.kms.katalon.core.main.TestCaseExecutor.accessMainPhase(TestCaseExecutor.java:283)
	at com.kms.katalon.core.main.TestCaseExecutor.execute(TestCaseExecutor.java:222)
	at com.kms.katalon.core.main.TestSuiteExecutor.accessTestCaseMainPhase(TestSuiteExecutor.java:129)
	at com.kms.katalon.core.main.TestSuiteExecutor.accessTestSuiteMainPhase(TestSuiteExecutor.java:112)
	at com.kms.katalon.core.main.TestSuiteExecutor.execute(TestSuiteExecutor.java:81)
	at com.kms.katalon.core.main.TestCaseMain.startTestSuite(TestCaseMain.java:149)
	at com.kms.katalon.core.main.TestCaseMain$startTestSuite$0.call(Unknown Source)
	at TempTestSuite1544079817536.run(TempTestSuite1544079817536.groovy:36)


2018-12-06 12:35:08 - [TEST_STEP][PASSED] - setText(findTestObject("Object Repository/Request_initiate/Page_Login Page/input_Vendor platform_userid"), BrCkName): Text 'shrutika' is set on object 'Object Repository/Request_initiate/Page_Login Page/input_Vendor platform_userid'

2018-12-06 12:35:12 - [MESSAGE][PASSED] - Text 'shrutika' is set on object 'Object Repository/Request_initiate/Page_Login Page/input_Vendor platform_userid'

2018-12-06 12:35:12 - [TEST_STEP][PASSED] - setEncryptedText(findTestObject("Object Repository/Request_initiate/Page_Login Page/input_Vendor platform_password"), BrCkPwd): Text ****** has been set on object 'Object Repository/Request_initiate/Page_Login Page/input_Vendor platform_password'

2018-12-06 12:35:15 - [MESSAGE][PASSED] - Text ****** has been set on object 'Object Repository/Request_initiate/Page_Login Page/input_Vendor platform_password'

2018-12-06 12:35:15 - [TEST_STEP][PASSED] - click(findTestObject("Object Repository/Request_initiate/Page_Login Page/input_Vendor platform_btnlogin")): Object: 'Object Repository/Request_initiate/Page_Login Page/input_Vendor platform_btnlogin' is clicked on

2018-12-06 12:35:17 - [MESSAGE][PASSED] - Object: 'Object Repository/Request_initiate/Page_Login Page/input_Vendor platform_btnlogin' is clicked on

2018-12-06 12:35:17 - [TEST_STEP][PASSED] - AlertPresent = waitForAlert(5): Alert is present after 5 second(s).

2018-12-06 12:35:18 - [MESSAGE][PASSED] - Alert is present after 5 second(s).

2018-12-06 12:35:18 - [TEST_STEP][PASSED] - if (AlertPresent == true): Alert accepted

2018-12-06 12:35:18 - [TEST_STEP][PASSED] - acceptAlert(): Alert accepted

2018-12-06 12:35:20 - [MESSAGE][PASSED] - Alert accepted

2018-12-06 12:35:20 - [TEST_STEP][PASSED] - click(findTestObject("Request_initiate/Page_Bank Dashboard/span_Procurement Request (1)")): Object: 'Object Repository/Request_initiate/Page_Bank Dashboard/span_Procurement Request (1)' is clicked on

2018-12-06 12:35:23 - [MESSAGE][PASSED] - Object: 'Object Repository/Request_initiate/Page_Bank Dashboard/span_Procurement Request (1)' is clicked on

2018-12-06 12:35:23 - [TEST_STEP][PASSED] - click(findTestObject("Object Repository/Request_initiate/Page_Bank Dashboard/a_Authorize")): Object: 'Object Repository/Request_initiate/Page_Bank Dashboard/a_Authorize' is clicked on

2018-12-06 12:35:25 - [MESSAGE][PASSED] - Object: 'Object Repository/Request_initiate/Page_Bank Dashboard/a_Authorize' is clicked on

2018-12-06 12:35:25 - [TEST_STEP][PASSED] - click(findTestObject("Object Repository/Request Authorize/Page_Procurement Request Authorize/button_Return")): Object: 'Object Repository/Request Authorize/Page_Procurement Request Authorize/button_Return' is clicked on

2018-12-06 12:35:27 - [MESSAGE][PASSED] - Object: 'Object Repository/Request Authorize/Page_Procurement Request Authorize/button_Return' is clicked on

2018-12-06 12:35:27 - [TEST_STEP][PASSED] - acceptAlert(): Alert accepted

2018-12-06 12:35:29 - [MESSAGE][PASSED] - Alert accepted

2018-12-06 12:35:29 - [TEST_STEP][PASSED] - click(findTestObject("Object Repository/Request_initiate/Page_Procurement Request Initiate/button_List")): Object: 'Object Repository/Request_initiate/Page_Procurement Request Initiate/button_List' is clicked on

2018-12-06 12:35:31 - [MESSAGE][PASSED] - Object: 'Object Repository/Request_initiate/Page_Procurement Request Initiate/button_List' is clicked on

2018-12-06 12:35:31 - [TEST_STEP][PASSED] - switchToWindowTitle("Search"): Switched to window with title: 'Search'

2018-12-06 12:35:37 - [MESSAGE][PASSED] - Switched to window with title: 'Search'

2018-12-06 12:35:37 - [TEST_STEP][PASSED] - setText(findTestObject("Object Repository/Request_initiate/Page_Search/input_Product Name_Product Nam"), "product3"): Text 'product3' is set on object 'Object Repository/Request_initiate/Page_Search/input_Product Name_Product Nam'

2018-12-06 12:35:42 - [MESSAGE][PASSED] - Text 'product3' is set on object 'Object Repository/Request_initiate/Page_Search/input_Product Name_Product Nam'

2018-12-06 12:35:42 - [TEST_STEP][PASSED] - click(findTestObject("Object Repository/Request_initiate/Page_Search/input")): Object: 'Object Repository/Request_initiate/Page_Search/input' is clicked on

2018-12-06 12:35:44 - [MESSAGE][PASSED] - Object: 'Object Repository/Request_initiate/Page_Search/input' is clicked on

2018-12-06 12:35:44 - [TEST_STEP][PASSED] - click(findTestObject("Object Repository/Request_initiate/Page_Search/td_product1")): Object: 'Object Repository/Request_initiate/Page_Search/td_product1' is clicked on

2018-12-06 12:35:46 - [MESSAGE][PASSED] - Object: 'Object Repository/Request_initiate/Page_Search/td_product1' is clicked on

2018-12-06 12:35:46 - [TEST_STEP][PASSED] - switchToWindowTitle("Procurement Request Authorize"): Switched to window with title: 'Procurement Request Authorize'

2018-12-06 12:35:49 - [MESSAGE][PASSED] - Switched to window with title: 'Procurement Request Authorize'

2018-12-06 12:35:49 - [TEST_STEP][PASSED] - setText(findTestObject("Object Repository/Request Authorize/Page_Procurement Request Authorize/textarea_Return Reason_returnQ"), "LOREM IPSUM DOLOR SIT AMET, CONSECTETUER ADIPISCING ELIT. AENEAN COMMODO LIGULA EGET DOLOR. AENEAN MASSA. CUM SOCIIS NATOQUE PENATIBUS ET MAGNIS DIS PARTURIENT MONTES, NASCETUR RIDICULUS MUS. DONEC QUAM FELIS, ULTRICIES NEC, PELLENTESQUE EU, PRETIUM QUIS, SEM. NULLA CONSEQUAT MASSA QUIS ENIM. DONEC PEDE JUSTO, FRINGILLA VEL, ALIQUET NEC, VULPUTATE EGET, ARCU. IN ENIM JUSTO, RHONCUS UT, IMPERDIET A, VENENATIS VITAE, JUSTO. NULLAM DICTUM FELIS EU PEDE MOLLIS PRETIUM. INTEGER TINCIDUNT. CRAS DAPIBUS. VIVAMUS ELEMENTUM SEMPER NISI. AENEAN VULPUTATE ELEIFEND TELLUS. AENEAN LEO LIGULA, PORTTITOR EU, CONSEQUAT VITAE, ELEIFEND AC, ENIM. ALIQUAM LOREM ANTE, DAPIBUS IN, VIVERRA QUIS, FEUGIAT A, TELLUS. PHASELLUS VIVERRA NULLA UT METUS VARIUS LAOREET. QUISQUE RUTRUM. AENEAN IMPERDIET. ETIAM ULTRICIES NISI VEL AUGUE. CURABITUR ULLAMCORPER ULTRICIES NISI. NAM EGET DUI. ETIAM RHONCUS. MAECENAS TEMPUS, TELLUS EGET CONDIMENTUM RHONCUS, SEM QUAM SEMPER LIBERO, SIT AMET ADIPISCING SEM NEQUE SED IPSUM. N"): Text 'LOREM IPSUM DOLOR SIT AMET, CONSECTETUER ADIPISCING ELIT. AENEAN COMMODO LIGULA EGET DOLOR. AENEAN MASSA. CUM SOCIIS NATOQUE PENATIBUS ET MAGNIS DIS PARTURIENT MONTES, NASCETUR RIDICULUS MUS. DONEC QUAM FELIS, ULTRICIES NEC, PELLENTESQUE EU, PRETIUM QUIS, SEM. NULLA CONSEQUAT MASSA QUIS ENIM. DONEC PEDE JUSTO, FRINGILLA VEL, ALIQUET NEC, VULPUTATE EGET, ARCU. IN ENIM JUSTO, RHONCUS UT, IMPERDIET A, VENENATIS VITAE, JUSTO. NULLAM DICTUM FELIS EU PEDE MOLLIS PRETIUM. INTEGER TINCIDUNT. CRAS DAPIBUS. VIVAMUS ELEMENTUM SEMPER NISI. AENEAN VULPUTATE ELEIFEND TELLUS. AENEAN LEO LIGULA, PORTTITOR EU, CONSEQUAT VITAE, ELEIFEND AC, ENIM. ALIQUAM LOREM ANTE, DAPIBUS IN, VIVERRA QUIS, FEUGIAT A, TELLUS. PHASELLUS VIVERRA NULLA UT METUS VARIUS LAOREET. QUISQUE RUTRUM. AENEAN IMPERDIET. ETIAM ULTRICIES NISI VEL AUGUE. CURABITUR ULLAMCORPER ULTRICIES NISI. NAM EGET DUI. ETIAM RHONCUS. MAECENAS TEMPUS, TELLUS EGET CONDIMENTUM RHONCUS, SEM QUAM SEMPER LIBERO, SIT AMET ADIPISCING SEM NEQUE SED IPSUM. N' is set on object 'Object Repository/Request Authorize/Page_Procurement Request Authorize/textarea_Return Reason_returnQ'

2018-12-06 12:35:57 - [MESSAGE][PASSED] - Text 'LOREM IPSUM DOLOR SIT AMET, CONSECTETUER ADIPISCING ELIT. AENEAN COMMODO LIGULA EGET DOLOR. AENEAN MASSA. CUM SOCIIS NATOQUE PENATIBUS ET MAGNIS DIS PARTURIENT MONTES, NASCETUR RIDICULUS MUS. DONEC QUAM FELIS, ULTRICIES NEC, PELLENTESQUE EU, PRETIUM QUIS, SEM. NULLA CONSEQUAT MASSA QUIS ENIM. DONEC PEDE JUSTO, FRINGILLA VEL, ALIQUET NEC, VULPUTATE EGET, ARCU. IN ENIM JUSTO, RHONCUS UT, IMPERDIET A, VENENATIS VITAE, JUSTO. NULLAM DICTUM FELIS EU PEDE MOLLIS PRETIUM. INTEGER TINCIDUNT. CRAS DAPIBUS. VIVAMUS ELEMENTUM SEMPER NISI. AENEAN VULPUTATE ELEIFEND TELLUS. AENEAN LEO LIGULA, PORTTITOR EU, CONSEQUAT VITAE, ELEIFEND AC, ENIM. ALIQUAM LOREM ANTE, DAPIBUS IN, VIVERRA QUIS, FEUGIAT A, TELLUS. PHASELLUS VIVERRA NULLA UT METUS VARIUS LAOREET. QUISQUE RUTRUM. AENEAN IMPERDIET. ETIAM ULTRICIES NISI VEL AUGUE. CURABITUR ULLAMCORPER ULTRICIES NISI. NAM EGET DUI. ETIAM RHONCUS. MAECENAS TEMPUS, TELLUS EGET CONDIMENTUM RHONCUS, SEM QUAM SEMPER LIBERO, SIT AMET ADIPISCING SEM NEQUE SED IPSUM. N' is set on object 'Object Repository/Request Authorize/Page_Procurement Request Authorize/textarea_Return Reason_returnQ'

2018-12-06 12:35:57 - [TEST_STEP][PASSED] - click(findTestObject("Object Repository/Request Authorize/Page_Procurement Request Authorize/button_Return")): Object: 'Object Repository/Request Authorize/Page_Procurement Request Authorize/button_Return' is clicked on

2018-12-06 12:35:59 - [MESSAGE][PASSED] - Object: 'Object Repository/Request Authorize/Page_Procurement Request Authorize/button_Return' is clicked on

2018-12-06 12:35:59 - [TEST_STEP][PASSED] - click(findTestObject("Object Repository/Logout/Page_Bank Dashboard/span_Harshada")): Object: 'Object Repository/Logout/Page_Bank Dashboard/span_Harshada' is clicked on

2018-12-06 12:36:01 - [MESSAGE][PASSED] - Object: 'Object Repository/Logout/Page_Bank Dashboard/span_Harshada' is clicked on

2018-12-06 12:36:01 - [TEST_STEP][PASSED] - click(findTestObject("Object Repository/Logout/Page_Bank Dashboard/b_Logout")): Object: 'Object Repository/Logout/Page_Bank Dashboard/b_Logout' is clicked on

2018-12-06 12:36:04 - [MESSAGE][PASSED] - Object: 'Object Repository/Logout/Page_Bank Dashboard/b_Logout' is clicked on

2018-12-06 12:36:04 - [TEST_STEP][PASSED] - click(findTestObject("Object Repository/Logout/Page_Logout Page/a_Login")): Object: 'Object Repository/Logout/Page_Logout Page/a_Login' is clicked on

2018-12-06 12:36:06 - [MESSAGE][PASSED] - Object: 'Object Repository/Logout/Page_Logout Page/a_Login' is clicked on

2018-12-06 12:36:06 - [TEST_STEP][PASSED] - setText(findTestObject("Object Repository/Request_initiate/Page_Login Page/input_Vendor platform_userid"), BrMakerName): Text 'Harshada' is set on object 'Object Repository/Request_initiate/Page_Login Page/input_Vendor platform_userid'

2018-12-06 12:36:10 - [MESSAGE][PASSED] - Text 'Harshada' is set on object 'Object Repository/Request_initiate/Page_Login Page/input_Vendor platform_userid'

2018-12-06 12:36:10 - [TEST_STEP][PASSED] - setEncryptedText(findTestObject("Object Repository/Request_initiate/Page_Login Page/input_Vendor platform_password"), BrMakerPwd): Text ****** has been set on object 'Object Repository/Request_initiate/Page_Login Page/input_Vendor platform_password'

2018-12-06 12:36:13 - [MESSAGE][PASSED] - Text ****** has been set on object 'Object Repository/Request_initiate/Page_Login Page/input_Vendor platform_password'

2018-12-06 12:36:13 - [TEST_STEP][PASSED] - click(findTestObject("Object Repository/Request_initiate/Page_Login Page/input_Vendor platform_btnlogin")): Object: 'Object Repository/Request_initiate/Page_Login Page/input_Vendor platform_btnlogin' is clicked on

2018-12-06 12:36:16 - [MESSAGE][PASSED] - Object: 'Object Repository/Request_initiate/Page_Login Page/input_Vendor platform_btnlogin' is clicked on

2018-12-06 12:36:16 - [TEST_STEP][PASSED] - AlertPresent = waitForAlert(5): No alert found after 5 second(s).

2018-12-06 12:36:22 - [MESSAGE][WARNING] - No alert found after 5 second(s).

2018-12-06 12:36:22 - [TEST_STEP][PASSED] - if (AlertPresent == true): null

2018-12-06 12:36:22 - [TEST_STEP][PASSED] - click(findTestObject("Request_initiate/Page_Bank Dashboard/span_Procurement Request (1)")): Object: 'Object Repository/Request_initiate/Page_Bank Dashboard/span_Procurement Request (1)' is clicked on

2018-12-06 12:36:24 - [MESSAGE][PASSED] - Object: 'Object Repository/Request_initiate/Page_Bank Dashboard/span_Procurement Request (1)' is clicked on

2018-12-06 12:36:24 - [TEST_STEP][PASSED] - click(findTestObject("Request_initiate/Page_Bank Dashboard/a_Initiate")): Object: 'Object Repository/Request_initiate/Page_Bank Dashboard/a_Initiate' is clicked on

2018-12-06 12:36:26 - [MESSAGE][PASSED] - Object: 'Object Repository/Request_initiate/Page_Bank Dashboard/a_Initiate' is clicked on

2018-12-06 12:36:26 - [TEST_STEP][PASSED] - click(findTestObject("Object Repository/Request_initiate/Page_Procurement Request Initiate/button_List")): Object: 'Object Repository/Request_initiate/Page_Procurement Request Initiate/button_List' is clicked on

2018-12-06 12:36:29 - [MESSAGE][PASSED] - Object: 'Object Repository/Request_initiate/Page_Procurement Request Initiate/button_List' is clicked on

2018-12-06 12:36:29 - [TEST_STEP][PASSED] - switchToWindowTitle("Search"): Switched to window with title: 'Search'

2018-12-06 12:36:35 - [MESSAGE][PASSED] - Switched to window with title: 'Search'

2018-12-06 12:36:35 - [TEST_STEP][PASSED] - setText(findTestObject("Object Repository/Request_initiate/Page_Search/input_Product Name_Product Nam"), "product1"): Text 'product1' is set on object 'Object Repository/Request_initiate/Page_Search/input_Product Name_Product Nam'

2018-12-06 12:36:39 - [MESSAGE][PASSED] - Text 'product1' is set on object 'Object Repository/Request_initiate/Page_Search/input_Product Name_Product Nam'

2018-12-06 12:36:39 - [TEST_STEP][PASSED] - click(findTestObject("Object Repository/Request_initiate/Page_Search/input")): Object: 'Object Repository/Request_initiate/Page_Search/input' is clicked on

2018-12-06 12:36:41 - [MESSAGE][PASSED] - Object: 'Object Repository/Request_initiate/Page_Search/input' is clicked on

2018-12-06 12:36:41 - [TEST_STEP][FAILED] - click(findTestObject("Object Repository/Request_initiate/Page_Search/td_product1")): click(findTestObject("Object Repository/Request_initiate/Page_Search/td_product1")) FAILED.
Reason:
com.kms.katalon.core.exception.StepFailedException: Unable to click on object 'Object Repository/Request_initiate/Page_Search/td_product1' (Root cause: org.openqa.selenium.NoSuchWindowException: no such window: window was already closed
  (Session info: chrome=70.0.3538.110)
  (Driver info: chromedriver=2.43.600210 (68dcf5eebde37173d4027fa8635e332711d2874a),platform=Windows NT 6.2.9200 x86_64) (WARNING: The server did not provide any stacktrace information)
Command duration or timeout: 0 milliseconds
Build info: version: '3.7.1', revision: '8a0099a', time: '2017-11-06T21:07:36.161Z'
System info: host: 'COMP118', ip: '192.168.50.118', os.name: 'Windows 8', os.arch: 'amd64', os.version: '6.2', java.version: '1.8.0_181'
Driver info: com.kms.katalon.selenium.driver.CChromeDriver
Capabilities {acceptInsecureCerts: false, acceptSslCerts: false, applicationCacheEnabled: false, browserConnectionEnabled: false, browserName: chrome, chrome: {chromedriverVersion: 2.43.600210 (68dcf5eebde371..., userDataDir: C:\Users\ankita\AppData\Loc...}, cssSelectorsEnabled: true, databaseEnabled: false, goog:chromeOptions: {debuggerAddress: localhost:52882}, handlesAlerts: true, hasTouchScreen: false, javascriptEnabled: true, locationContextEnabled: true, mobileEmulationEnabled: false, nativeEvents: true, networkConnectionEnabled: false, pageLoadStrategy: normal, platform: XP, platformName: XP, rotatable: false, setWindowRect: true, takesHeapSnapshot: true, takesScreenshot: true, unexpectedAlertBehaviour: , unhandledPromptBehavior: , version: 70.0.3538.110, webStorageEnabled: true}
Session ID: 3fd37b766431623d546ffe57b00e1d9b
*** Element info: {Using=xpath, value=//tr[@id='gridhelprow-1']/td[4]})
	at com.kms.katalon.core.keyword.internal.KeywordMain.stepFailed(KeywordMain.groovy:36)
	at com.kms.katalon.core.webui.keyword.internal.WebUIKeywordMain.stepFailed(WebUIKeywordMain.groovy:65)
	at com.kms.katalon.core.webui.keyword.internal.WebUIKeywordMain.runKeyword(WebUIKeywordMain.groovy:27)
	at com.kms.katalon.core.webui.keyword.builtin.ClickKeyword.click(ClickKeyword.groovy:86)
	at com.kms.katalon.core.webui.keyword.builtin.ClickKeyword.execute(ClickKeyword.groovy:67)
	at com.kms.katalon.core.keyword.internal.KeywordExecutor.executeKeywordForPlatform(KeywordExecutor.groovy:53)
	at com.kms.katalon.core.webui.keyword.WebUiBuiltInKeywords.click(WebUiBuiltInKeywords.groovy:616)
	at com.kms.katalon.core.webui.keyword.WebUiBuiltInKeywords$click$4.call(Unknown Source)
	at Request Return.run(Request Return:92)
	at com.kms.katalon.core.main.ScriptEngine.run(ScriptEngine.java:194)
	at com.kms.katalon.core.main.ScriptEngine.runScriptAsRawText(ScriptEngine.java:119)
	at com.kms.katalon.core.main.TestCaseExecutor.runScript(TestCaseExecutor.java:321)
	at com.kms.katalon.core.main.TestCaseExecutor.doExecute(TestCaseExecutor.java:312)
	at com.kms.katalon.core.main.TestCaseExecutor.processExecutionPhase(TestCaseExecutor.java:291)
	at com.kms.katalon.core.main.TestCaseExecutor.accessMainPhase(TestCaseExecutor.java:283)
	at com.kms.katalon.core.main.TestCaseExecutor.execute(TestCaseExecutor.java:222)
	at com.kms.katalon.core.main.TestSuiteExecutor.accessTestCaseMainPhase(TestSuiteExecutor.java:129)
	at com.kms.katalon.core.main.TestSuiteExecutor.accessTestSuiteMainPhase(TestSuiteExecutor.java:112)
	at com.kms.katalon.core.main.TestSuiteExecutor.execute(TestSuiteExecutor.java:81)
	at com.kms.katalon.core.main.TestCaseMain.startTestSuite(TestCaseMain.java:149)
	at com.kms.katalon.core.main.TestCaseMain$startTestSuite$0.call(Unknown Source)
	at TempTestSuite1544079817536.run(TempTestSuite1544079817536.groovy:36)


2018-12-06 12:36:47 - [MESSAGE][WARNING] - Cannot take screenshot

2018-12-06 12:36:47 - [MESSAGE][FAILED] - Unable to click on object 'Object Repository/Request_initiate/Page_Search/td_product1' (Root cause: org.openqa.selenium.NoSuchWindowException: no such window: window was already closed
  (Session info: chrome=70.0.3538.110)
  (Driver info: chromedriver=2.43.600210 (68dcf5eebde37173d4027fa8635e332711d2874a),platform=Windows NT 6.2.9200 x86_64) (WARNING: The server did not provide any stacktrace information)
Command duration or timeout: 0 milliseconds
Build info: version: '3.7.1', revision: '8a0099a', time: '2017-11-06T21:07:36.161Z'
System info: host: 'COMP118', ip: '192.168.50.118', os.name: 'Windows 8', os.arch: 'amd64', os.version: '6.2', java.version: '1.8.0_181'
Driver info: com.kms.katalon.selenium.driver.CChromeDriver
Capabilities {acceptInsecureCerts: false, acceptSslCerts: false, applicationCacheEnabled: false, browserConnectionEnabled: false, browserName: chrome, chrome: {chromedriverVersion: 2.43.600210 (68dcf5eebde371..., userDataDir: C:\Users\ankita\AppData\Loc...}, cssSelectorsEnabled: true, databaseEnabled: false, goog:chromeOptions: {debuggerAddress: localhost:52882}, handlesAlerts: true, hasTouchScreen: false, javascriptEnabled: true, locationContextEnabled: true, mobileEmulationEnabled: false, nativeEvents: true, networkConnectionEnabled: false, pageLoadStrategy: normal, platform: XP, platformName: XP, rotatable: false, setWindowRect: true, takesHeapSnapshot: true, takesScreenshot: true, unexpectedAlertBehaviour: , unhandledPromptBehavior: , version: 70.0.3538.110, webStorageEnabled: true}
Session ID: 3fd37b766431623d546ffe57b00e1d9b
*** Element info: {Using=xpath, value=//tr[@id='gridhelprow-1']/td[4]})

2018-12-06 12:36:47 - [MESSAGE][FAILED] - click(findTestObject("Object Repository/Request_initiate/Page_Search/td_product1")) FAILED.
Reason:
com.kms.katalon.core.exception.StepFailedException: Unable to click on object 'Object Repository/Request_initiate/Page_Search/td_product1' (Root cause: org.openqa.selenium.NoSuchWindowException: no such window: window was already closed
  (Session info: chrome=70.0.3538.110)
  (Driver info: chromedriver=2.43.600210 (68dcf5eebde37173d4027fa8635e332711d2874a),platform=Windows NT 6.2.9200 x86_64) (WARNING: The server did not provide any stacktrace information)
Command duration or timeout: 0 milliseconds
Build info: version: '3.7.1', revision: '8a0099a', time: '2017-11-06T21:07:36.161Z'
System info: host: 'COMP118', ip: '192.168.50.118', os.name: 'Windows 8', os.arch: 'amd64', os.version: '6.2', java.version: '1.8.0_181'
Driver info: com.kms.katalon.selenium.driver.CChromeDriver
Capabilities {acceptInsecureCerts: false, acceptSslCerts: false, applicationCacheEnabled: false, browserConnectionEnabled: false, browserName: chrome, chrome: {chromedriverVersion: 2.43.600210 (68dcf5eebde371..., userDataDir: C:\Users\ankita\AppData\Loc...}, cssSelectorsEnabled: true, databaseEnabled: false, goog:chromeOptions: {debuggerAddress: localhost:52882}, handlesAlerts: true, hasTouchScreen: false, javascriptEnabled: true, locationContextEnabled: true, mobileEmulationEnabled: false, nativeEvents: true, networkConnectionEnabled: false, pageLoadStrategy: normal, platform: XP, platformName: XP, rotatable: false, setWindowRect: true, takesHeapSnapshot: true, takesScreenshot: true, unexpectedAlertBehaviour: , unhandledPromptBehavior: , version: 70.0.3538.110, webStorageEnabled: true}
Session ID: 3fd37b766431623d546ffe57b00e1d9b
*** Element info: {Using=xpath, value=//tr[@id='gridhelprow-1']/td[4]})
	at com.kms.katalon.core.keyword.internal.KeywordMain.stepFailed(KeywordMain.groovy:36)
	at com.kms.katalon.core.webui.keyword.internal.WebUIKeywordMain.stepFailed(WebUIKeywordMain.groovy:65)
	at com.kms.katalon.core.webui.keyword.internal.WebUIKeywordMain.runKeyword(WebUIKeywordMain.groovy:27)
	at com.kms.katalon.core.webui.keyword.builtin.ClickKeyword.click(ClickKeyword.groovy:86)
	at com.kms.katalon.core.webui.keyword.builtin.ClickKeyword.execute(ClickKeyword.groovy:67)
	at com.kms.katalon.core.keyword.internal.KeywordExecutor.executeKeywordForPlatform(KeywordExecutor.groovy:53)
	at com.kms.katalon.core.webui.keyword.WebUiBuiltInKeywords.click(WebUiBuiltInKeywords.groovy:616)
	at com.kms.katalon.core.webui.keyword.WebUiBuiltInKeywords$click$4.call(Unknown Source)
	at Request Return.run(Request Return:92)
	at com.kms.katalon.core.main.ScriptEngine.run(ScriptEngine.java:194)
	at com.kms.katalon.core.main.ScriptEngine.runScriptAsRawText(ScriptEngine.java:119)
	at com.kms.katalon.core.main.TestCaseExecutor.runScript(TestCaseExecutor.java:321)
	at com.kms.katalon.core.main.TestCaseExecutor.doExecute(TestCaseExecutor.java:312)
	at com.kms.katalon.core.main.TestCaseExecutor.processExecutionPhase(TestCaseExecutor.java:291)
	at com.kms.katalon.core.main.TestCaseExecutor.accessMainPhase(TestCaseExecutor.java:283)
	at com.kms.katalon.core.main.TestCaseExecutor.execute(TestCaseExecutor.java:222)
	at com.kms.katalon.core.main.TestSuiteExecutor.accessTestCaseMainPhase(TestSuiteExecutor.java:129)
	at com.kms.katalon.core.main.TestSuiteExecutor.accessTestSuiteMainPhase(TestSuiteExecutor.java:112)
	at com.kms.katalon.core.main.TestSuiteExecutor.execute(TestSuiteExecutor.java:81)
	at com.kms.katalon.core.main.TestCaseMain.startTestSuite(TestCaseMain.java:149)
	at com.kms.katalon.core.main.TestCaseMain$startTestSuite$0.call(Unknown Source)
	at TempTestSuite1544079817536.run(TempTestSuite1544079817536.groovy:36)]]></system-out>
         <system-err><![CDATA[2018-12-06 12:35:07 - [TEST_CASE][FAILED] - Test Cases/Branch User Checker/Request Return: Test Cases/Branch User Checker/Request Return FAILED.
Reason:
com.kms.katalon.core.exception.StepFailedException: Unable to click on object 'Object Repository/Request_initiate/Page_Search/td_product1' (Root cause: org.openqa.selenium.NoSuchWindowException: no such window: window was already closed
  (Session info: chrome=70.0.3538.110)
  (Driver info: chromedriver=2.43.600210 (68dcf5eebde37173d4027fa8635e332711d2874a),platform=Windows NT 6.2.9200 x86_64) (WARNING: The server did not provide any stacktrace information)
Command duration or timeout: 0 milliseconds
Build info: version: '3.7.1', revision: '8a0099a', time: '2017-11-06T21:07:36.161Z'
System info: host: 'COMP118', ip: '192.168.50.118', os.name: 'Windows 8', os.arch: 'amd64', os.version: '6.2', java.version: '1.8.0_181'
Driver info: com.kms.katalon.selenium.driver.CChromeDriver
Capabilities {acceptInsecureCerts: false, acceptSslCerts: false, applicationCacheEnabled: false, browserConnectionEnabled: false, browserName: chrome, chrome: {chromedriverVersion: 2.43.600210 (68dcf5eebde371..., userDataDir: C:\Users\ankita\AppData\Loc...}, cssSelectorsEnabled: true, databaseEnabled: false, goog:chromeOptions: {debuggerAddress: localhost:52882}, handlesAlerts: true, hasTouchScreen: false, javascriptEnabled: true, locationContextEnabled: true, mobileEmulationEnabled: false, nativeEvents: true, networkConnectionEnabled: false, pageLoadStrategy: normal, platform: XP, platformName: XP, rotatable: false, setWindowRect: true, takesHeapSnapshot: true, takesScreenshot: true, unexpectedAlertBehaviour: , unhandledPromptBehavior: , version: 70.0.3538.110, webStorageEnabled: true}
Session ID: 3fd37b766431623d546ffe57b00e1d9b
*** Element info: {Using=xpath, value=//tr[@id='gridhelprow-1']/td[4]})
	at com.kms.katalon.core.keyword.internal.KeywordMain.stepFailed(KeywordMain.groovy:36)
	at com.kms.katalon.core.webui.keyword.internal.WebUIKeywordMain.stepFailed(WebUIKeywordMain.groovy:65)
	at com.kms.katalon.core.webui.keyword.internal.WebUIKeywordMain.runKeyword(WebUIKeywordMain.groovy:27)
	at com.kms.katalon.core.webui.keyword.builtin.ClickKeyword.click(ClickKeyword.groovy:86)
	at com.kms.katalon.core.webui.keyword.builtin.ClickKeyword.execute(ClickKeyword.groovy:67)
	at com.kms.katalon.core.keyword.internal.KeywordExecutor.executeKeywordForPlatform(KeywordExecutor.groovy:53)
	at com.kms.katalon.core.webui.keyword.WebUiBuiltInKeywords.click(WebUiBuiltInKeywords.groovy:616)
	at com.kms.katalon.core.webui.keyword.WebUiBuiltInKeywords$click$4.call(Unknown Source)
	at Request Return.run(Request Return:92)
	at com.kms.katalon.core.main.ScriptEngine.run(ScriptEngine.java:194)
	at com.kms.katalon.core.main.ScriptEngine.runScriptAsRawText(ScriptEngine.java:119)
	at com.kms.katalon.core.main.TestCaseExecutor.runScript(TestCaseExecutor.java:321)
	at com.kms.katalon.core.main.TestCaseExecutor.doExecute(TestCaseExecutor.java:312)
	at com.kms.katalon.core.main.TestCaseExecutor.processExecutionPhase(TestCaseExecutor.java:291)
	at com.kms.katalon.core.main.TestCaseExecutor.accessMainPhase(TestCaseExecutor.java:283)
	at com.kms.katalon.core.main.TestCaseExecutor.execute(TestCaseExecutor.java:222)
	at com.kms.katalon.core.main.TestSuiteExecutor.accessTestCaseMainPhase(TestSuiteExecutor.java:129)
	at com.kms.katalon.core.main.TestSuiteExecutor.accessTestSuiteMainPhase(TestSuiteExecutor.java:112)
	at com.kms.katalon.core.main.TestSuiteExecutor.execute(TestSuiteExecutor.java:81)
	at com.kms.katalon.core.main.TestCaseMain.startTestSuite(TestCaseMain.java:149)
	at com.kms.katalon.core.main.TestCaseMain$startTestSuite$0.call(Unknown Source)
	at TempTestSuite1544079817536.run(TempTestSuite1544079817536.groovy:36)]]></system-err>
      </testcase>
      <system-out><![CDATA[2018-12-06 12:33:39 - [TEST_SUITE][FAILED] - Request_initiate_Return_Flow: Test Cases/Branch User Checker/Request Return FAILED.
Reason:
com.kms.katalon.core.exception.StepFailedException: Unable to click on object 'Object Repository/Request_initiate/Page_Search/td_product1' (Root cause: org.openqa.selenium.NoSuchWindowException: no such window: window was already closed
  (Session info: chrome=70.0.3538.110)
  (Driver info: chromedriver=2.43.600210 (68dcf5eebde37173d4027fa8635e332711d2874a),platform=Windows NT 6.2.9200 x86_64) (WARNING: The server did not provide any stacktrace information)
Command duration or timeout: 0 milliseconds
Build info: version: '3.7.1', revision: '8a0099a', time: '2017-11-06T21:07:36.161Z'
System info: host: 'COMP118', ip: '192.168.50.118', os.name: 'Windows 8', os.arch: 'amd64', os.version: '6.2', java.version: '1.8.0_181'
Driver info: com.kms.katalon.selenium.driver.CChromeDriver
Capabilities {acceptInsecureCerts: false, acceptSslCerts: false, applicationCacheEnabled: false, browserConnectionEnabled: false, browserName: chrome, chrome: {chromedriverVersion: 2.43.600210 (68dcf5eebde371..., userDataDir: C:\Users\ankita\AppData\Loc...}, cssSelectorsEnabled: true, databaseEnabled: false, goog:chromeOptions: {debuggerAddress: localhost:52882}, handlesAlerts: true, hasTouchScreen: false, javascriptEnabled: true, locationContextEnabled: true, mobileEmulationEnabled: false, nativeEvents: true, networkConnectionEnabled: false, pageLoadStrategy: normal, platform: XP, platformName: XP, rotatable: false, setWindowRect: true, takesHeapSnapshot: true, takesScreenshot: true, unexpectedAlertBehaviour: , unhandledPromptBehavior: , version: 70.0.3538.110, webStorageEnabled: true}
Session ID: 3fd37b766431623d546ffe57b00e1d9b
*** Element info: {Using=xpath, value=//tr[@id='gridhelprow-1']/td[4]})
	at com.kms.katalon.core.keyword.internal.KeywordMain.stepFailed(KeywordMain.groovy:36)
	at com.kms.katalon.core.webui.keyword.internal.WebUIKeywordMain.stepFailed(WebUIKeywordMain.groovy:65)
	at com.kms.katalon.core.webui.keyword.internal.WebUIKeywordMain.runKeyword(WebUIKeywordMain.groovy:27)
	at com.kms.katalon.core.webui.keyword.builtin.ClickKeyword.click(ClickKeyword.groovy:86)
	at com.kms.katalon.core.webui.keyword.builtin.ClickKeyword.execute(ClickKeyword.groovy:67)
	at com.kms.katalon.core.keyword.internal.KeywordExecutor.executeKeywordForPlatform(KeywordExecutor.groovy:53)
	at com.kms.katalon.core.webui.keyword.WebUiBuiltInKeywords.click(WebUiBuiltInKeywords.groovy:616)
	at com.kms.katalon.core.webui.keyword.WebUiBuiltInKeywords$click$4.call(Unknown Source)
	at Request Return.run(Request Return:92)
	at com.kms.katalon.core.main.ScriptEngine.run(ScriptEngine.java:194)
	at com.kms.katalon.core.main.ScriptEngine.runScriptAsRawText(ScriptEngine.java:119)
	at com.kms.katalon.core.main.TestCaseExecutor.runScript(TestCaseExecutor.java:321)
	at com.kms.katalon.core.main.TestCaseExecutor.doExecute(TestCaseExecutor.java:312)
	at com.kms.katalon.core.main.TestCaseExecutor.processExecutionPhase(TestCaseExecutor.java:291)
	at com.kms.katalon.core.main.TestCaseExecutor.accessMainPhase(TestCaseExecutor.java:283)
	at com.kms.katalon.core.main.TestCaseExecutor.execute(TestCaseExecutor.java:222)
	at com.kms.katalon.core.main.TestSuiteExecutor.accessTestCaseMainPhase(TestSuiteExecutor.java:129)
	at com.kms.katalon.core.main.TestSuiteExecutor.accessTestSuiteMainPhase(TestSuiteExecutor.java:112)
	at com.kms.katalon.core.main.TestSuiteExecutor.execute(TestSuiteExecutor.java:81)
	at com.kms.katalon.core.main.TestCaseMain.startTestSuite(TestCaseMain.java:149)
	at com.kms.katalon.core.main.TestCaseMain$startTestSuite$0.call(Unknown Source)
	at TempTestSuite1544079817536.run(TempTestSuite1544079817536.groovy:36)]]></system-out>
      <system-err><![CDATA[2018-12-06 12:33:39 - [TEST_SUITE][FAILED] - Request_initiate_Return_Flow: Test Cases/Branch User Checker/Request Return FAILED.
Reason:
com.kms.katalon.core.exception.StepFailedException: Unable to click on object 'Object Repository/Request_initiate/Page_Search/td_product1' (Root cause: org.openqa.selenium.NoSuchWindowException: no such window: window was already closed
  (Session info: chrome=70.0.3538.110)
  (Driver info: chromedriver=2.43.600210 (68dcf5eebde37173d4027fa8635e332711d2874a),platform=Windows NT 6.2.9200 x86_64) (WARNING: The server did not provide any stacktrace information)
Command duration or timeout: 0 milliseconds
Build info: version: '3.7.1', revision: '8a0099a', time: '2017-11-06T21:07:36.161Z'
System info: host: 'COMP118', ip: '192.168.50.118', os.name: 'Windows 8', os.arch: 'amd64', os.version: '6.2', java.version: '1.8.0_181'
Driver info: com.kms.katalon.selenium.driver.CChromeDriver
Capabilities {acceptInsecureCerts: false, acceptSslCerts: false, applicationCacheEnabled: false, browserConnectionEnabled: false, browserName: chrome, chrome: {chromedriverVersion: 2.43.600210 (68dcf5eebde371..., userDataDir: C:\Users\ankita\AppData\Loc...}, cssSelectorsEnabled: true, databaseEnabled: false, goog:chromeOptions: {debuggerAddress: localhost:52882}, handlesAlerts: true, hasTouchScreen: false, javascriptEnabled: true, locationContextEnabled: true, mobileEmulationEnabled: false, nativeEvents: true, networkConnectionEnabled: false, pageLoadStrategy: normal, platform: XP, platformName: XP, rotatable: false, setWindowRect: true, takesHeapSnapshot: true, takesScreenshot: true, unexpectedAlertBehaviour: , unhandledPromptBehavior: , version: 70.0.3538.110, webStorageEnabled: true}
Session ID: 3fd37b766431623d546ffe57b00e1d9b
*** Element info: {Using=xpath, value=//tr[@id='gridhelprow-1']/td[4]})
	at com.kms.katalon.core.keyword.internal.KeywordMain.stepFailed(KeywordMain.groovy:36)
	at com.kms.katalon.core.webui.keyword.internal.WebUIKeywordMain.stepFailed(WebUIKeywordMain.groovy:65)
	at com.kms.katalon.core.webui.keyword.internal.WebUIKeywordMain.runKeyword(WebUIKeywordMain.groovy:27)
	at com.kms.katalon.core.webui.keyword.builtin.ClickKeyword.click(ClickKeyword.groovy:86)
	at com.kms.katalon.core.webui.keyword.builtin.ClickKeyword.execute(ClickKeyword.groovy:67)
	at com.kms.katalon.core.keyword.internal.KeywordExecutor.executeKeywordForPlatform(KeywordExecutor.groovy:53)
	at com.kms.katalon.core.webui.keyword.WebUiBuiltInKeywords.click(WebUiBuiltInKeywords.groovy:616)
	at com.kms.katalon.core.webui.keyword.WebUiBuiltInKeywords$click$4.call(Unknown Source)
	at Request Return.run(Request Return:92)
	at com.kms.katalon.core.main.ScriptEngine.run(ScriptEngine.java:194)
	at com.kms.katalon.core.main.ScriptEngine.runScriptAsRawText(ScriptEngine.java:119)
	at com.kms.katalon.core.main.TestCaseExecutor.runScript(TestCaseExecutor.java:321)
	at com.kms.katalon.core.main.TestCaseExecutor.doExecute(TestCaseExecutor.java:312)
	at com.kms.katalon.core.main.TestCaseExecutor.processExecutionPhase(TestCaseExecutor.java:291)
	at com.kms.katalon.core.main.TestCaseExecutor.accessMainPhase(TestCaseExecutor.java:283)
	at com.kms.katalon.core.main.TestCaseExecutor.execute(TestCaseExecutor.java:222)
	at com.kms.katalon.core.main.TestSuiteExecutor.accessTestCaseMainPhase(TestSuiteExecutor.java:129)
	at com.kms.katalon.core.main.TestSuiteExecutor.accessTestSuiteMainPhase(TestSuiteExecutor.java:112)
	at com.kms.katalon.core.main.TestSuiteExecutor.execute(TestSuiteExecutor.java:81)
	at com.kms.katalon.core.main.TestCaseMain.startTestSuite(TestCaseMain.java:149)
	at com.kms.katalon.core.main.TestCaseMain$startTestSuite$0.call(Unknown Source)
	at TempTestSuite1544079817536.run(TempTestSuite1544079817536.groovy:36)]]></system-err>
   </testsuite>
</testsuites>
